<?xml version="1.0" encoding="UTF-8"?>
<testsuite xmlns:xsi="http://www.w3.org/2001/XMLSchema-instance" xsi:noNamespaceSchemaLocation="https://maven.apache.org/surefire/maven-surefire-plugin/xsd/surefire-test-report-3.0.xsd" version="3.0" name="com.gamingbar.ApiIntegrationTest" time="4.432" tests="4" errors="0" skipped="0" failures="0">
  <properties>
[...]
</properties>
  <testcase name="shouldCleanupExpiredRoomBeforeCreatingNewRoom" classname="com.gamingbar.ApiIntegrationTest" time="0.882">
    <system-out><![CDATA[16:25:10.052 [main] INFO org.springframework.test.context.support.AnnotationConfigContextLoaderUtils -- Could not detect default configuration classes for test class [com.gamingbar.ApiIntegrationTest]: ApiIntegrationTest does not declare any static, non-private, non-final, nested classes annotated with @Configuration.
16:25:10.141 [main] INFO org.springframework.boot.test.context.SpringBootTestContextBootstrapper -- Found @SpringBootConfiguration com.gamingbar.GamingBarApplication for test class com.gamingbar.ApiIntegrationTest

  .   ____          _            __ _ _
 /\\ / ___'_ __ _ _(_)_ __  __ _ \ \ \ \
( ( )\___ | '_ | '_| | '_ \/ _` | \ \ \ \
 \\/  ___)| |_)| | | | | || (_| |  ) ) ) )
  '  |____| .__|_| |_|_| |_\__, | / / / /
 =========|_|==============|___/=/_/_/_/

 :: Spring Boot ::                (v3.3.4)

2026-04-17T16:25:10.466+08:00  INFO 27744 --- [           main] com.gamingbar.ApiIntegrationTest         : Starting ApiIntegrationTest using Java 17.0.2 with PID 27744 (started by 42673 in D:\Gaming-Bar\backend)
2026-04-17T16:25:10.467+08:00  INFO 27744 --- [           main] com.gamingbar.ApiIntegrationTest         : No active profile set, falling back to 1 default profile: "default"
2026-04-17T16:25:11.853+08:00  INFO 27744 --- [           main] com.zaxxer.hikari.HikariDataSource       : HikariPool-1 - Starting...
2026-04-17T16:25:12.030+08:00  INFO 27744 --- [           main] com.zaxxer.hikari.pool.HikariPool        : HikariPool-1 - Added connection conn0: url=jdbc:h2:mem:gamingbar user=SA
2026-04-17T16:25:12.032+08:00  INFO 27744 --- [           main] com.zaxxer.hikari.HikariDataSource       : HikariPool-1 - Start completed.
2026-04-17T16:25:12.094+08:00  INFO 27744 --- [           main] org.flywaydb.core.FlywayExecutor         : Database: jdbc:h2:mem:gamingbar (H2 2.2)
2026-04-17T16:25:12.114+08:00  WARN 27744 --- [           main] o.f.c.internal.database.base.Database    : Flyway upgrade recommended: H2 2.2.224 is newer than this version of Flyway and support has not been tested. The latest supported version of H2 is 2.2.220.
2026-04-17T16:25:12.140+08:00  INFO 27744 --- [           main] o.f.c.i.s.JdbcTableSchemaHistory         : Schema history table "public"."flyway_schema_history" does not exist yet
2026-04-17T16:25:12.150+08:00  INFO 27744 --- [           main] o.f.core.internal.command.DbValidate     : Successfully validated 2 migrations (execution time 00:00.021s)
2026-04-17T16:25:12.154+08:00  INFO 27744 --- [           main] o.f.c.i.s.JdbcTableSchemaHistory         : Creating Schema History table "public"."flyway_schema_history" ...
2026-04-17T16:25:12.202+08:00  INFO 27744 --- [           main] o.f.core.internal.command.DbMigrate      : Current version of schema "public": << Empty Schema >>
2026-04-17T16:25:12.213+08:00  INFO 27744 --- [           main] o.f.core.internal.command.DbMigrate      : Migrating schema "public" to version "1 - init schema"
2026-04-17T16:25:12.254+08:00  INFO 27744 --- [           main] o.f.core.internal.command.DbMigrate      : Migrating schema "public" to version "2 - seed games"
2026-04-17T16:25:12.278+08:00  INFO 27744 --- [           main] o.f.core.internal.command.DbMigrate      : Successfully applied 2 migrations to schema "public", now at version v2 (execution time 00:00.024s)
2026-04-17T16:25:13.198+08:00  INFO 27744 --- [           main] o.s.b.a.h2.H2ConsoleAutoConfiguration    : H2 console available at '/h2-console'. Database available at 'jdbc:h2:mem:gamingbar'
2026-04-17T16:25:13.280+08:00  INFO 27744 --- [           main] o.s.b.t.m.w.SpringBootMockServletContext : Initializing Spring TestDispatcherServlet ''
2026-04-17T16:25:13.280+08:00  INFO 27744 --- [           main] o.s.t.web.servlet.TestDispatcherServlet  : Initializing Servlet ''
2026-04-17T16:25:13.280+08:00  INFO 27744 --- [           main] o.s.t.web.servlet.TestDispatcherServlet  : Completed initialization in 0 ms
2026-04-17T16:25:13.337+08:00  INFO 27744 --- [           main] com.gamingbar.ApiIntegrationTest         : Started ApiIntegrationTest in 3.08 seconds (process running for 3.776)
]]></system-out>
  </testcase>
  <testcase name="shouldEnforceOneRoomRuleAndHandleJoinLeaveMessage" classname="com.gamingbar.ApiIntegrationTest" time="0.083"/>
  <testcase name="shouldExposeRootEndpoint" classname="com.gamingbar.ApiIntegrationTest" time="0.012"/>
  <testcase name="shouldLoginUpdateProfileAndLoadGames" classname="com.gamingbar.ApiIntegrationTest" time="0.015"/>
</testsuite>