<?xml version="1.0" encoding="UTF-8"?>
<testsuite xmlns:xsi="http://www.w3.org/2001/XMLSchema-instance" xsi:noNamespaceSchemaLocation="https://maven.apache.org/surefire/maven-surefire-plugin/xsd/surefire-test-report-3.0.xsd" version="3.0" name="com.gamingbar.ApiIntegrationTest" time="6.372" tests="6" errors="0" skipped="0" failures="0">
  <properties>
[...]
</properties>
  <testcase name="shouldCleanupExpiredRoomBeforeCreatingNewRoom" classname="com.gamingbar.ApiIntegrationTest" time="1.077">
    <system-out><![CDATA[14:33:43.540 [main] INFO org.springframework.test.context.support.AnnotationConfigContextLoaderUtils -- Could not detect default configuration classes for test class [com.gamingbar.ApiIntegrationTest]: ApiIntegrationTest does not declare any static, non-private, non-final, nested classes annotated with @Configuration.
14:33:43.637 [main] INFO org.springframework.boot.test.context.SpringBootTestContextBootstrapper -- Found @SpringBootConfiguration com.gamingbar.GamingBarApplication for test class com.gamingbar.ApiIntegrationTest

  .   ____          _            __ _ _
 /\\ / ___'_ __ _ _(_)_ __  __ _ \ \ \ \
( ( )\___ | '_ | '_| | '_ \/ _` | \ \ \ \
 \\/  ___)| |_)| | | | | || (_| |  ) ) ) )
  '  |____| .__|_| |_|_| |_\__, | / / / /
 =========|_|==============|___/=/_/_/_/

 :: Spring Boot ::                (v3.3.4)

2026-04-22T14:33:43.951+08:00  INFO 1524 --- [           main] com.gamingbar.ApiIntegrationTest         : Starting ApiIntegrationTest using Java 17.0.2 with PID 1524 (started by 42673 in D:\Gaming-Bar\backend)
2026-04-22T14:33:43.953+08:00  INFO 1524 --- [           main] com.gamingbar.ApiIntegrationTest         : No active profile set, falling back to 1 default profile: "default"
2026-04-22T14:33:44.596+08:00  INFO 1524 --- [           main] .s.d.r.c.RepositoryConfigurationDelegate : Multiple Spring Data modules found, entering strict repository configuration mode
2026-04-22T14:33:44.597+08:00  INFO 1524 --- [           main] .s.d.r.c.RepositoryConfigurationDelegate : Bootstrapping Spring Data Redis repositories in DEFAULT mode.
2026-04-22T14:33:44.625+08:00  INFO 1524 --- [           main] .s.d.r.c.RepositoryConfigurationDelegate : Finished Spring Data repository scanning in 15 ms. Found 0 Redis repository interfaces.
2026-04-22T14:33:45.596+08:00  INFO 1524 --- [           main] com.zaxxer.hikari.HikariDataSource       : HikariPool-1 - Starting...
2026-04-22T14:33:45.728+08:00  INFO 1524 --- [           main] com.zaxxer.hikari.pool.HikariPool        : HikariPool-1 - Added connection conn0: url=jdbc:h2:mem:gamingbar user=SA
2026-04-22T14:33:45.729+08:00  INFO 1524 --- [           main] com.zaxxer.hikari.HikariDataSource       : HikariPool-1 - Start completed.
2026-04-22T14:33:45.784+08:00  INFO 1524 --- [           main] org.flywaydb.core.FlywayExecutor         : Database: jdbc:h2:mem:gamingbar (H2 2.2)
2026-04-22T14:33:45.791+08:00  WARN 1524 --- [           main] o.f.c.internal.database.base.Database    : Flyway upgrade recommended: H2 2.2.224 is newer than this version of Flyway and support has not been tested. The latest supported version of H2 is 2.2.220.
2026-04-22T14:33:45.819+08:00  INFO 1524 --- [           main] o.f.c.i.s.JdbcTableSchemaHistory         : Schema history table "public"."flyway_schema_history" does not exist yet
2026-04-22T14:33:45.823+08:00  INFO 1524 --- [           main] o.f.core.internal.command.DbValidate     : Successfully validated 3 migrations (execution time 00:00.018s)
2026-04-22T14:33:45.827+08:00  INFO 1524 --- [           main] o.f.c.i.s.JdbcTableSchemaHistory         : Creating Schema History table "public"."flyway_schema_history" ...
2026-04-22T14:33:45.885+08:00  INFO 1524 --- [           main] o.f.core.internal.command.DbMigrate      : Current version of schema "public": << Empty Schema >>
2026-04-22T14:33:45.896+08:00  INFO 1524 --- [           main] o.f.core.internal.command.DbMigrate      : Migrating schema "public" to version "1 - init schema"
2026-04-22T14:33:45.951+08:00  INFO 1524 --- [           main] o.f.core.internal.command.DbMigrate      : Migrating schema "public" to version "2 - seed games"
2026-04-22T14:33:45.957+08:00  INFO 1524 --- [           main] o.f.core.internal.command.DbMigrate      : Migrating schema "public" to version "3 - mysql upgrade and room optimization"
2026-04-22T14:33:45.979+08:00  INFO 1524 --- [           main] o.f.core.internal.command.DbMigrate      : Successfully applied 3 migrations to schema "public", now at version v3 (execution time 00:00.040s)
2026-04-22T14:33:48.363+08:00  INFO 1524 --- [           main] o.s.b.t.m.w.SpringBootMockServletContext : Initializing Spring TestDispatcherServlet ''
2026-04-22T14:33:48.363+08:00  INFO 1524 --- [           main] o.s.t.web.servlet.TestDispatcherServlet  : Initializing Servlet ''
2026-04-22T14:33:48.363+08:00  INFO 1524 --- [           main] o.s.t.web.servlet.TestDispatcherServlet  : Completed initialization in 0 ms
2026-04-22T14:33:48.410+08:00  INFO 1524 --- [           main] com.gamingbar.ApiIntegrationTest         : Started ApiIntegrationTest in 4.655 seconds (process running for 5.399)
2026-04-22T14:33:49.243+08:00  INFO 1524 --- [           main] c.gamingbar.service.sms.MockSmsService   : Mock SMS sent, phone=13800000003, code=******
2026-04-22T14:33:49.243+08:00  INFO 1524 --- [           main] c.g.service.impl.AuthServiceImpl         : SMS code issued for phone=13800000003
2026-04-22T14:33:49.244+08:00  INFO 1524 --- [           main] c.gamingbar.common.aop.RequestLogAspect  : method=POST uri=/api/auth/sms/send query=null cost=28ms
2026-04-22T14:33:49.334+08:00  INFO 1524 --- [           main] c.g.service.impl.AuthServiceImpl         : User login succeeded, userId=1
2026-04-22T14:33:49.383+08:00  INFO 1524 --- [           main] c.gamingbar.common.aop.RequestLogAspect  : method=POST uri=/api/auth/login query=null cost=76ms
2026-04-22T14:33:49.447+08:00  INFO 1524 --- [           main] c.g.service.impl.RoomServiceImpl         : Room created, roomId=1, ownerId=1
2026-04-22T14:33:49.459+08:00  INFO 1524 --- [           main] c.gamingbar.common.aop.RequestLogAspect  : method=POST uri=/api/rooms query=null cost=21ms
2026-04-22T14:33:49.483+08:00  INFO 1524 --- [           main] c.g.service.impl.RoomServiceImpl         : Room created, roomId=2, ownerId=1
2026-04-22T14:33:49.488+08:00  INFO 1524 --- [           main] c.gamingbar.common.aop.RequestLogAspect  : method=POST uri=/api/rooms query=null cost=15ms
2026-04-22T14:33:49.495+08:00  INFO 1524 --- [           main] c.gamingbar.common.aop.RequestLogAspect  : method=GET uri=/api/rooms/1 query=null cost=0ms
]]></system-out>
  </testcase>
  <testcase name="shouldEnforceOneRoomRuleAndHandleJoinLeaveMessage" classname="com.gamingbar.ApiIntegrationTest" time="0.158">
    <system-out><![CDATA[2026-04-22T14:33:49.523+08:00  INFO 1524 --- [           main] c.gamingbar.service.sms.MockSmsService   : Mock SMS sent, phone=13800000001, code=******
2026-04-22T14:33:49.529+08:00  INFO 1524 --- [           main] c.g.service.impl.AuthServiceImpl         : SMS code issued for phone=13800000001
2026-04-22T14:33:49.529+08:00  INFO 1524 --- [           main] c.gamingbar.common.aop.RequestLogAspect  : method=POST uri=/api/auth/sms/send query=null cost=6ms
2026-04-22T14:33:49.538+08:00  INFO 1524 --- [           main] c.g.service.impl.AuthServiceImpl         : User login succeeded, userId=2
2026-04-22T14:33:49.538+08:00  INFO 1524 --- [           main] c.gamingbar.common.aop.RequestLogAspect  : method=POST uri=/api/auth/login query=null cost=6ms
2026-04-22T14:33:49.544+08:00  INFO 1524 --- [           main] c.gamingbar.service.sms.MockSmsService   : Mock SMS sent, phone=13800000002, code=******
2026-04-22T14:33:49.544+08:00  INFO 1524 --- [           main] c.g.service.impl.AuthServiceImpl         : SMS code issued for phone=13800000002
2026-04-22T14:33:49.544+08:00  INFO 1524 --- [           main] c.gamingbar.common.aop.RequestLogAspect  : method=POST uri=/api/auth/sms/send query=null cost=0ms
2026-04-22T14:33:49.553+08:00  INFO 1524 --- [           main] c.g.service.impl.AuthServiceImpl         : User login succeeded, userId=3
2026-04-22T14:33:49.553+08:00  INFO 1524 --- [           main] c.gamingbar.common.aop.RequestLogAspect  : method=POST uri=/api/auth/login query=null cost=9ms
2026-04-22T14:33:49.563+08:00  INFO 1524 --- [           main] c.g.service.impl.RoomServiceImpl         : Room created, roomId=3, ownerId=2
2026-04-22T14:33:49.570+08:00  INFO 1524 --- [           main] c.gamingbar.common.aop.RequestLogAspect  : method=POST uri=/api/rooms query=null cost=14ms
2026-04-22T14:33:49.578+08:00  INFO 1524 --- [           main] c.g.service.impl.RoomServiceImpl         : User joined room, roomId=3, userId=3, currentPlayer=2
2026-04-22T14:33:49.591+08:00  INFO 1524 --- [           main] c.gamingbar.common.aop.RequestLogAspect  : method=POST uri=/api/rooms/3/join query=null cost=18ms
2026-04-22T14:33:49.599+08:00  INFO 1524 --- [           main] c.gamingbar.common.aop.RequestLogAspect  : method=POST uri=/api/rooms query=null cost=6ms
2026-04-22T14:33:49.613+08:00  INFO 1524 --- [           main] c.gamingbar.common.aop.RequestLogAspect  : method=POST uri=/api/rooms/3/messages query=null cost=1ms
2026-04-22T14:33:49.634+08:00  INFO 1524 --- [           main] c.gamingbar.common.aop.RequestLogAspect  : method=GET uri=/api/rooms/3/messages query=null cost=11ms
2026-04-22T14:33:49.653+08:00  INFO 1524 --- [           main] c.g.service.impl.RoomServiceImpl         : User left room, roomId=3, userId=3
2026-04-22T14:33:49.654+08:00  INFO 1524 --- [           main] c.gamingbar.common.aop.RequestLogAspect  : method=POST uri=/api/rooms/3/leave query=null cost=7ms
2026-04-22T14:33:49.661+08:00  INFO 1524 --- [           main] c.g.service.impl.RoomServiceImpl         : Room dissolved, roomId=3, ownerId=2
2026-04-22T14:33:49.663+08:00  INFO 1524 --- [           main] c.gamingbar.common.aop.RequestLogAspect  : method=DELETE uri=/api/rooms/3 query=null cost=4ms
2026-04-22T14:33:49.676+08:00  INFO 1524 --- [           main] c.gamingbar.common.aop.RequestLogAspect  : method=GET uri=/api/rooms/3 query=null cost=0ms
]]></system-out>
  </testcase>
  <testcase name="shouldExposeRootEndpoint" classname="com.gamingbar.ApiIntegrationTest" time="0.0">
    <system-out><![CDATA[2026-04-22T14:33:49.683+08:00  INFO 1524 --- [           main] c.gamingbar.common.aop.RequestLogAspect  : method=GET uri=/ query=null cost=0ms
]]></system-out>
  </testcase>
  <testcase name="shouldLoginUpdateProfileAndLoadGames" classname="com.gamingbar.ApiIntegrationTest" time="0.027">
    <system-out><![CDATA[2026-04-22T14:33:49.690+08:00  INFO 1524 --- [           main] c.gamingbar.service.sms.MockSmsService   : Mock SMS sent, phone=13812345678, code=******
2026-04-22T14:33:49.690+08:00  INFO 1524 --- [           main] c.g.service.impl.AuthServiceImpl         : SMS code issued for phone=13812345678
2026-04-22T14:33:49.690+08:00  INFO 1524 --- [           main] c.gamingbar.common.aop.RequestLogAspect  : method=POST uri=/api/auth/sms/send query=null cost=0ms
2026-04-22T14:33:49.695+08:00  INFO 1524 --- [           main] c.g.service.impl.AuthServiceImpl         : User login succeeded, userId=4
2026-04-22T14:33:49.695+08:00  INFO 1524 --- [           main] c.gamingbar.common.aop.RequestLogAspect  : method=POST uri=/api/auth/login query=null cost=2ms
2026-04-22T14:33:49.703+08:00  INFO 1524 --- [           main] c.gamingbar.common.aop.RequestLogAspect  : method=GET uri=/api/auth/me query=null cost=8ms
2026-04-22T14:33:49.710+08:00  INFO 1524 --- [           main] c.gamingbar.common.aop.RequestLogAspect  : method=PUT uri=/api/users/profile query=null cost=6ms
2026-04-22T14:33:49.713+08:00  INFO 1524 --- [           main] c.gamingbar.common.aop.RequestLogAspect  : method=GET uri=/api/games query=null cost=0ms
]]></system-out>
  </testcase>
  <testcase name="shouldRejectRoomDetailForNonMembers" classname="com.gamingbar.ApiIntegrationTest" time="0.037">
    <system-out><![CDATA[2026-04-22T14:33:49.716+08:00  INFO 1524 --- [           main] c.gamingbar.service.sms.MockSmsService   : Mock SMS sent, phone=13800000004, code=******
2026-04-22T14:33:49.723+08:00  INFO 1524 --- [           main] c.g.service.impl.AuthServiceImpl         : SMS code issued for phone=13800000004
2026-04-22T14:33:49.723+08:00  INFO 1524 --- [           main] c.gamingbar.common.aop.RequestLogAspect  : method=POST uri=/api/auth/sms/send query=null cost=7ms
2026-04-22T14:33:49.725+08:00  INFO 1524 --- [           main] c.g.service.impl.AuthServiceImpl         : User login succeeded, userId=5
2026-04-22T14:33:49.730+08:00  INFO 1524 --- [           main] c.gamingbar.common.aop.RequestLogAspect  : method=POST uri=/api/auth/login query=null cost=5ms
2026-04-22T14:33:49.733+08:00  INFO 1524 --- [           main] c.gamingbar.service.sms.MockSmsService   : Mock SMS sent, phone=13800000005, code=******
2026-04-22T14:33:49.733+08:00  INFO 1524 --- [           main] c.g.service.impl.AuthServiceImpl         : SMS code issued for phone=13800000005
2026-04-22T14:33:49.733+08:00  INFO 1524 --- [           main] c.gamingbar.common.aop.RequestLogAspect  : method=POST uri=/api/auth/sms/send query=null cost=1ms
2026-04-22T14:33:49.737+08:00  INFO 1524 --- [           main] c.g.service.impl.AuthServiceImpl         : User login succeeded, userId=6
2026-04-22T14:33:49.737+08:00  INFO 1524 --- [           main] c.gamingbar.common.aop.RequestLogAspect  : method=POST uri=/api/auth/login query=null cost=4ms
2026-04-22T14:33:49.743+08:00  INFO 1524 --- [           main] c.g.service.impl.RoomServiceImpl         : Room created, roomId=4, ownerId=5
2026-04-22T14:33:49.746+08:00  INFO 1524 --- [           main] c.gamingbar.common.aop.RequestLogAspect  : method=POST uri=/api/rooms query=null cost=7ms
2026-04-22T14:33:49.751+08:00  INFO 1524 --- [           main] c.gamingbar.common.aop.RequestLogAspect  : method=GET uri=/api/rooms/4 query=null cost=5ms
]]></system-out>
  </testcase>
  <testcase name="shouldRotateAccessTokenOnRefreshAndInvalidateSessionOnLogout" classname="com.gamingbar.ApiIntegrationTest" time="0.034">
    <system-out><![CDATA[2026-04-22T14:33:49.758+08:00  INFO 1524 --- [           main] c.gamingbar.service.sms.MockSmsService   : Mock SMS sent, phone=13800000006, code=******
2026-04-22T14:33:49.758+08:00  INFO 1524 --- [           main] c.g.service.impl.AuthServiceImpl         : SMS code issued for phone=13800000006
2026-04-22T14:33:49.758+08:00  INFO 1524 --- [           main] c.gamingbar.common.aop.RequestLogAspect  : method=POST uri=/api/auth/sms/send query=null cost=1ms
2026-04-22T14:33:49.763+08:00  INFO 1524 --- [           main] c.g.service.impl.AuthServiceImpl         : User login succeeded, userId=7
2026-04-22T14:33:49.763+08:00  INFO 1524 --- [           main] c.gamingbar.common.aop.RequestLogAspect  : method=POST uri=/api/auth/login query=null cost=5ms
2026-04-22T14:33:49.766+08:00  INFO 1524 --- [           main] c.gamingbar.common.aop.RequestLogAspect  : method=GET uri=/api/auth/me query=null cost=0ms
2026-04-22T14:33:49.771+08:00  INFO 1524 --- [           main] c.gamingbar.common.aop.RequestLogAspect  : method=POST uri=/api/auth/refresh query=null cost=5ms
2026-04-22T14:33:49.773+08:00  INFO 1524 --- [           main] c.gamingbar.common.aop.RequestLogAspect  : method=GET uri=/api/auth/me query=null cost=0ms
2026-04-22T14:33:49.783+08:00  INFO 1524 --- [           main] c.gamingbar.common.aop.RequestLogAspect  : method=POST uri=/api/auth/logout query=null cost=4ms
2026-04-22T14:33:49.787+08:00  INFO 1524 --- [           main] c.gamingbar.common.aop.RequestLogAspect  : method=POST uri=/api/auth/refresh query=null cost=1ms
]]></system-out>
  </testcase>
</testsuite>